<?xml version="1.0" encoding="UTF-8"?>
<testng-results ignored="0" total="1" passed="1" failed="0" skipped="0">
  <reporter-output>
  </reporter-output>
  <suite started-at="2024-03-22T18:48:18 IST" name="Default suite" finished-at="2024-03-22T18:48:27 IST" duration-ms="8826">
    <groups>
    </groups>
    <test started-at="2024-03-22T18:48:18 IST" name="Default test" finished-at="2024-03-22T18:48:27 IST" duration-ms="8826">
      <class name="Task.Task.FlipkartTest">
        <test-method signature="OpenFlipcard()[pri:0, instance:Task.Task.FlipkartTest@1aa7ecca]" started-at="2024-03-22T18:48:18 IST" name="OpenFlipcard" finished-at="2024-03-22T18:48:27 IST" duration-ms="8783" status="PASS">
          <reporter-output>
          </reporter-output>
        </test-method> <!-- OpenFlipcard -->
      </class> <!-- Task.Task.FlipkartTest -->
    </test> <!-- Default test -->
  </suite> <!-- Default suite -->
</testng-results>
